<!DOCTYPE html>

<html>
  <head>
  <meta charset='utf-8'>
  <title>TestNG reports</title>

    <link type="text/css" href="testng-reports1.css" rel="stylesheet" id="ultra" />
    <link type="text/css" href="testng-reports.css" rel="stylesheet" id="retro" disabled="false"/>
    <script type="text/javascript" src="jquery.min.js"></script>
    <script type="text/javascript" src="testng-reports.js"></script>
    <script type="text/javascript" src="https://www.google.com/jsapi"></script>
    <script type='text/javascript'>
      google.load('visualization', '1', {packages:['table']});
      google.setOnLoadCallback(drawTable);
      var suiteTableInitFunctions = new Array();
      var suiteTableData = new Array();
    </script>
    <!--
      <script type="text/javascript" src="jquery-ui/js/jquery-ui-1.8.16.custom.min.js"></script>
     -->
  </head>

  <body>
    <div class="top-banner-root">
      <span class="top-banner-title-font">Test results</span>
      <button id="button" class="button">Switch Retro Theme</button> <!-- button -->
      <br/>
      <span class="top-banner-font-1">1 suite, 1 failed test</span>
    </div> <!-- top-banner-root -->
    <div class="navigator-root">
      <div class="navigator-suite-header">
        <span>All suites</span>
        <a href="#" title="Collapse/expand all the suites" class="collapse-all-link">
          <img src="collapseall.gif" class="collapse-all-icon">
          </img> <!-- collapse-all-icon -->
        </a> <!-- collapse-all-link -->
      </div> <!-- navigator-suite-header -->
      <div class="suite">
        <div class="rounded-window">
          <div class="suite-header light-rounded-window-top">
            <a href="#" panel-name="suite-Testing_Flipkart_App" class="navigator-link">
              <span class="suite-name border-failed">Testing Flipkart App</span>
            </a> <!-- navigator-link -->
          </div> <!-- suite-header light-rounded-window-top -->
          <div class="navigator-suite-content">
            <div class="suite-section-title">
              <span>Info</span>
            </div> <!-- suite-section-title -->
            <div class="suite-section-content">
              <ul>
                <li>
                  <a href="#" panel-name="test-xml-Testing_Flipkart_App" class="navigator-link ">
                    <span>C:\Users\Dharmendra\eclipse-workspace\CRMTest\src\main\resources\testng.xml</span>
                  </a> <!-- navigator-link  -->
                </li>
                <li>
                  <a href="#" panel-name="testlist-Testing_Flipkart_App" class="navigator-link ">
                    <span class="test-stats">1 test</span>
                  </a> <!-- navigator-link  -->
                </li>
                <li>
                  <a href="#" panel-name="group-Testing_Flipkart_App" class="navigator-link ">
                    <span>0 groups</span>
                  </a> <!-- navigator-link  -->
                </li>
                <li>
                  <a href="#" panel-name="times-Testing_Flipkart_App" class="navigator-link ">
                    <span>Times</span>
                  </a> <!-- navigator-link  -->
                </li>
                <li>
                  <a href="#" panel-name="reporter-Testing_Flipkart_App" class="navigator-link ">
                    <span>Reporter output</span>
                  </a> <!-- navigator-link  -->
                </li>
                <li>
                  <a href="#" panel-name="ignored-methods-Testing_Flipkart_App" class="navigator-link ">
                    <span>Ignored methods</span>
                  </a> <!-- navigator-link  -->
                </li>
                <li>
                  <a href="#" panel-name="chronological-Testing_Flipkart_App" class="navigator-link ">
                    <span>Chronological view</span>
                  </a> <!-- navigator-link  -->
                </li>
              </ul>
            </div> <!-- suite-section-content -->
            <div class="result-section">
              <div class="suite-section-title">
                <span>Results</span>
              </div> <!-- suite-section-title -->
              <div class="suite-section-content">
                <ul>
                  <li>
                    <span class="method-stats">7 methods, 1 failed,   6 passed</span>
                  </li>
                  <li>
                    <span class="method-list-title failed">Failed methods</span>
                    <span class="show-or-hide-methods failed">
                      <a href="#" panel-name="suite-Testing_Flipkart_App" class="hide-methods failed suite-Testing_Flipkart_App"> (hide)</a> <!-- hide-methods failed suite-Testing_Flipkart_App -->
                      <a href="#" panel-name="suite-Testing_Flipkart_App" class="show-methods failed suite-Testing_Flipkart_App"> (show)</a> <!-- show-methods failed suite-Testing_Flipkart_App -->
                    </span>
                    <div class="method-list-content failed suite-Testing_Flipkart_App">
                      <span>
                        <img src="failed.png" width="3%"/>
                        <a href="#" panel-name="suite-Testing_Flipkart_App" title="com.crm.qa.testcases.MyAccountTest" class="method navigator-link" hash-for-method="accountVisibilityTest">accountVisibilityTest</a> <!-- method navigator-link -->
                      </span>
                      <br/>
                    </div> <!-- method-list-content failed suite-Testing_Flipkart_App -->
                  </li>
                  <li>
                    <span class="method-list-title passed">Passed methods</span>
                    <span class="show-or-hide-methods passed">
                      <a href="#" panel-name="suite-Testing_Flipkart_App" class="hide-methods passed suite-Testing_Flipkart_App"> (hide)</a> <!-- hide-methods passed suite-Testing_Flipkart_App -->
                      <a href="#" panel-name="suite-Testing_Flipkart_App" class="show-methods passed suite-Testing_Flipkart_App"> (show)</a> <!-- show-methods passed suite-Testing_Flipkart_App -->
                    </span>
                    <div class="method-list-content passed suite-Testing_Flipkart_App">
                      <span>
                        <img src="passed.png" width="3%"/>
                        <a href="#" panel-name="suite-Testing_Flipkart_App" title="com.crm.qa.testcases.LoginPageTest" class="method navigator-link" hash-for-method="flipkartLogo">flipkartLogo</a> <!-- method navigator-link -->
                      </span>
                      <br/>
                      <span>
                        <img src="passed.png" width="3%"/>
                        <a href="#" panel-name="suite-Testing_Flipkart_App" title="com.crm.qa.testcases.LoginPageTest" class="method navigator-link" hash-for-method="loginPageTitletest">loginPageTitletest</a> <!-- method navigator-link -->
                      </span>
                      <br/>
                      <span>
                        <img src="passed.png" width="3%"/>
                        <a href="#" panel-name="suite-Testing_Flipkart_App" title="com.crm.qa.testcases.LoginPageTest" class="method navigator-link" hash-for-method="searchBoxTest">searchBoxTest</a> <!-- method navigator-link -->
                      </span>
                      <br/>
                      <span>
                        <img src="passed.png" width="3%"/>
                        <a href="#" panel-name="suite-Testing_Flipkart_App" title="com.crm.qa.testcases.LoginPageTest" class="method navigator-link" hash-for-method="userLoginTest">userLoginTest</a> <!-- method navigator-link -->
                      </span>
                      <br/>
                      <span>
                        <img src="passed.png" width="3%"/>
                        <a href="#" panel-name="suite-Testing_Flipkart_App" title="com.crm.qa.testcases.MyAccountTest" class="method navigator-link" hash-for-method="validateSearchProductTest">validateSearchProductTest</a> <!-- method navigator-link -->
                      </span>
                      <br/>
                      <span>
                        <img src="passed.png" width="3%"/>
                        <a href="#" panel-name="suite-Testing_Flipkart_App" title="com.crm.qa.testcases.MyAccountTest" class="method navigator-link" hash-for-method="verifySearchBoxTest">verifySearchBoxTest</a> <!-- method navigator-link -->
                      </span>
                      <br/>
                    </div> <!-- method-list-content passed suite-Testing_Flipkart_App -->
                  </li>
                </ul>
              </div> <!-- suite-section-content -->
            </div> <!-- result-section -->
          </div> <!-- navigator-suite-content -->
        </div> <!-- rounded-window -->
      </div> <!-- suite -->
    </div> <!-- navigator-root -->
    <div class="wrapper">
      <div class="main-panel-root">
        <div panel-name="suite-Testing_Flipkart_App" class="panel Testing_Flipkart_App">
          <div class="suite-Testing_Flipkart_App-class-failed">
            <div class="main-panel-header rounded-window-top">
              <img src="failed.png"/>
              <span class="class-name">com.crm.qa.testcases.MyAccountTest</span>
            </div> <!-- main-panel-header rounded-window-top -->
            <div class="main-panel-content rounded-window-bottom">
              <div class="method">
                <div class="method-content">
                  <a name="accountVisibilityTest">
                  </a> <!-- accountVisibilityTest -->
                  <span class="method-name">accountVisibilityTest</span>
                  <div class="stack-trace">org.openqa.selenium.StaleElementReferenceException: stale element reference: element is not attached to the page document
  (Session info: chrome=98.0.4758.82)
For documentation on this error, please visit: https://selenium.dev/exceptions/#stale_element_reference
Build info: version: &apos;4.1.1&apos;, revision: &apos;e8fcc2cecf&apos;
System info: host: &apos;LAPTOP-ED9DLQA7&apos;, ip: &apos;192.168.43.211&apos;, os.name: &apos;Windows 10&apos;, os.arch: &apos;amd64&apos;, os.version: &apos;10.0&apos;, java.version: &apos;17&apos;
Driver info: org.openqa.selenium.chrome.ChromeDriver
Command: [c350694454dbb68bb61d393d99450fc3, isElementDisplayed {id=b38754d1-073a-498b-b794-45f06e8a89b9}]
Capabilities {acceptInsecureCerts: false, browserName: chrome, browserVersion: 98.0.4758.82, chrome: {chromedriverVersion: 98.0.4758.80 (7f0488e8ba0d8..., userDataDir: C:\Users\DHARME~1\AppData\L...}, goog:chromeOptions: {debuggerAddress: localhost:62791}, javascriptEnabled: true, networkConnectionEnabled: false, pageLoadStrategy: normal, platform: WINDOWS, platformName: WINDOWS, proxy: Proxy(), se:cdp: ws://localhost:62791/devtoo..., se:cdpVersion: 98.0.4758.82, setWindowRect: true, strictFileInteractability: false, timeouts: {implicit: 0, pageLoad: 300000, script: 30000}, unhandledPromptBehavior: dismiss and notify, webauthn:extension:credBlob: true, webauthn:extension:largeBlob: true, webauthn:virtualAuthenticators: true}
Element: [[ChromeDriver: chrome on WINDOWS (c350694454dbb68bb61d393d99450fc3)] -&gt; xpath: //div[contains(text(),&apos;My Account&apos;)]]
Session ID: c350694454dbb68bb61d393d99450fc3
	at org.openqa.selenium.remote.codec.w3c.W3CHttpResponseCodec.createException(W3CHttpResponseCodec.java:200)
	at org.openqa.selenium.remote.codec.w3c.W3CHttpResponseCodec.decode(W3CHttpResponseCodec.java:133)
	at org.openqa.selenium.remote.codec.w3c.W3CHttpResponseCodec.decode(W3CHttpResponseCodec.java:53)
	at org.openqa.selenium.remote.HttpCommandExecutor.execute(HttpCommandExecutor.java:184)
	at org.openqa.selenium.remote.service.DriverCommandExecutor.invokeExecute(DriverCommandExecutor.java:167)
	at org.openqa.selenium.remote.service.DriverCommandExecutor.execute(DriverCommandExecutor.java:142)
	at org.openqa.selenium.remote.RemoteWebDriver.execute(RemoteWebDriver.java:543)
	at org.openqa.selenium.remote.RemoteWebElement.execute(RemoteWebElement.java:251)
	at org.openqa.selenium.remote.RemoteWebElement.isDisplayed(RemoteWebElement.java:307)
	at org.openqa.selenium.support.pagefactory.internal.LocatingElementHandler.invoke(LocatingElementHandler.java:52)
	at jdk.proxy2/jdk.proxy2.$Proxy22.isDisplayed(Unknown Source)
	at com.crm.qa.pages.MyAccountPage.accountVisibility(MyAccountPage.java:32)
	at com.crm.qa.testcases.MyAccountTest.accountVisibilityTest(MyAccountTest.java:44)
	at java.base/java.util.ArrayList.forEach(ArrayList.java:1511)
... Removed 36 stack frames
</div> <!-- stack-trace -->
                </div> <!-- method-content -->
              </div> <!-- method -->
            </div> <!-- main-panel-content rounded-window-bottom -->
          </div> <!-- suite-Testing_Flipkart_App-class-failed -->
          <div class="suite-Testing_Flipkart_App-class-passed">
            <div class="main-panel-header rounded-window-top">
              <img src="passed.png"/>
              <span class="class-name">com.crm.qa.testcases.LoginPageTest</span>
            </div> <!-- main-panel-header rounded-window-top -->
            <div class="main-panel-content rounded-window-bottom">
              <div class="method">
                <div class="method-content">
                  <a name="flipkartLogo">
                  </a> <!-- flipkartLogo -->
                  <span class="method-name">flipkartLogo</span>
                </div> <!-- method-content -->
              </div> <!-- method -->
              <div class="method">
                <div class="method-content">
                  <a name="loginPageTitletest">
                  </a> <!-- loginPageTitletest -->
                  <span class="method-name">loginPageTitletest</span>
                </div> <!-- method-content -->
              </div> <!-- method -->
              <div class="method">
                <div class="method-content">
                  <a name="searchBoxTest">
                  </a> <!-- searchBoxTest -->
                  <span class="method-name">searchBoxTest</span>
                </div> <!-- method-content -->
              </div> <!-- method -->
              <div class="method">
                <div class="method-content">
                  <a name="userLoginTest">
                  </a> <!-- userLoginTest -->
                  <span class="method-name">userLoginTest</span>
                </div> <!-- method-content -->
              </div> <!-- method -->
            </div> <!-- main-panel-content rounded-window-bottom -->
          </div> <!-- suite-Testing_Flipkart_App-class-passed -->
          <div class="suite-Testing_Flipkart_App-class-passed">
            <div class="main-panel-header rounded-window-top">
              <img src="passed.png"/>
              <span class="class-name">com.crm.qa.testcases.MyAccountTest</span>
            </div> <!-- main-panel-header rounded-window-top -->
            <div class="main-panel-content rounded-window-bottom">
              <div class="method">
                <div class="method-content">
                  <a name="validateSearchProductTest">
                  </a> <!-- validateSearchProductTest -->
                  <span class="method-name">validateSearchProductTest</span>
                </div> <!-- method-content -->
              </div> <!-- method -->
              <div class="method">
                <div class="method-content">
                  <a name="verifySearchBoxTest">
                  </a> <!-- verifySearchBoxTest -->
                  <span class="method-name">verifySearchBoxTest</span>
                </div> <!-- method-content -->
              </div> <!-- method -->
            </div> <!-- main-panel-content rounded-window-bottom -->
          </div> <!-- suite-Testing_Flipkart_App-class-passed -->
        </div> <!-- panel Testing_Flipkart_App -->
        <div panel-name="test-xml-Testing_Flipkart_App" class="panel">
          <div class="main-panel-header rounded-window-top">
            <span class="header-content">C:\Users\Dharmendra\eclipse-workspace\CRMTest\src\main\resources\testng.xml</span>
          </div> <!-- main-panel-header rounded-window-top -->
          <div class="main-panel-content rounded-window-bottom">
            <pre>
&lt;?xml version=&quot;1.0&quot; encoding=&quot;UTF-8&quot;?&gt;
&lt;!DOCTYPE suite SYSTEM &quot;https://testng.org/testng-1.0.dtd&quot;&gt;
&lt;suite name=&quot;Testing Flipkart App&quot; guice-stage=&quot;DEVELOPMENT&quot;&gt;
  &lt;test thread-count=&quot;5&quot; name=&quot;CRMTest&quot;&gt;
    &lt;classes&gt;
      &lt;class name=&quot;com.crm.qa.testcases.LoginPageTest&quot;/&gt;
      &lt;class name=&quot;com.crm.qa.testcases.MyAccountTest&quot;/&gt;
      &lt;class name=&quot;com.crm.qa.testcases.LoginPageTest&quot;/&gt;
    &lt;/classes&gt;
  &lt;/test&gt; &lt;!-- CRMTest --&gt;
&lt;/suite&gt; &lt;!-- Testing Flipkart App --&gt;
            </pre>
          </div> <!-- main-panel-content rounded-window-bottom -->
        </div> <!-- panel -->
        <div panel-name="testlist-Testing_Flipkart_App" class="panel">
          <div class="main-panel-header rounded-window-top">
            <span class="header-content">Tests for Testing Flipkart App</span>
          </div> <!-- main-panel-header rounded-window-top -->
          <div class="main-panel-content rounded-window-bottom">
            <ul>
              <li>
                <span class="test-name">CRMTest (3 classes)</span>
              </li>
            </ul>
          </div> <!-- main-panel-content rounded-window-bottom -->
        </div> <!-- panel -->
        <div panel-name="group-Testing_Flipkart_App" class="panel">
          <div class="main-panel-header rounded-window-top">
            <span class="header-content">Groups for Testing Flipkart App</span>
          </div> <!-- main-panel-header rounded-window-top -->
          <div class="main-panel-content rounded-window-bottom">
          </div> <!-- main-panel-content rounded-window-bottom -->
        </div> <!-- panel -->
        <div panel-name="times-Testing_Flipkart_App" class="panel">
          <div class="main-panel-header rounded-window-top">
            <span class="header-content">Times for Testing Flipkart App</span>
          </div> <!-- main-panel-header rounded-window-top -->
          <div class="main-panel-content rounded-window-bottom">
            <div class="times-div">
              <script type="text/javascript">
suiteTableInitFunctions.push('tableData_Testing_Flipkart_App');
function tableData_Testing_Flipkart_App() {
var data = new google.visualization.DataTable();
data.addColumn('number', 'Number');
data.addColumn('string', 'Method');
data.addColumn('string', 'Class');
data.addColumn('number', 'Time (ms)');
data.addRows(7);
data.setCell(0, 0, 0)
data.setCell(0, 1, 'validateSearchProductTest')
data.setCell(0, 2, 'com.crm.qa.testcases.MyAccountTest')
data.setCell(0, 3, 2141);
data.setCell(1, 0, 1)
data.setCell(1, 1, 'accountVisibilityTest')
data.setCell(1, 2, 'com.crm.qa.testcases.MyAccountTest')
data.setCell(1, 3, 2137);
data.setCell(2, 0, 2)
data.setCell(2, 1, 'userLoginTest')
data.setCell(2, 2, 'com.crm.qa.testcases.LoginPageTest')
data.setCell(2, 3, 224);
data.setCell(3, 0, 3)
data.setCell(3, 1, 'flipkartLogo')
data.setCell(3, 2, 'com.crm.qa.testcases.LoginPageTest')
data.setCell(3, 3, 45);
data.setCell(4, 0, 4)
data.setCell(4, 1, 'searchBoxTest')
data.setCell(4, 2, 'com.crm.qa.testcases.LoginPageTest')
data.setCell(4, 3, 39);
data.setCell(5, 0, 5)
data.setCell(5, 1, 'loginPageTitletest')
data.setCell(5, 2, 'com.crm.qa.testcases.LoginPageTest')
data.setCell(5, 3, 39);
data.setCell(6, 0, 6)
data.setCell(6, 1, 'verifySearchBoxTest')
data.setCell(6, 2, 'com.crm.qa.testcases.MyAccountTest')
data.setCell(6, 3, 37);
window.suiteTableData['Testing_Flipkart_App']= { tableData: data, tableDiv: 'times-div-Testing_Flipkart_App'}
return data;
}
              </script>
              <span class="suite-total-time">Total running time: 4 seconds</span>
              <div id="times-div-Testing_Flipkart_App">
              </div> <!-- times-div-Testing_Flipkart_App -->
            </div> <!-- times-div -->
          </div> <!-- main-panel-content rounded-window-bottom -->
        </div> <!-- panel -->
        <div panel-name="reporter-Testing_Flipkart_App" class="panel">
          <div class="main-panel-header rounded-window-top">
            <span class="header-content">Reporter output for Testing Flipkart App</span>
          </div> <!-- main-panel-header rounded-window-top -->
          <div class="main-panel-content rounded-window-bottom">
          </div> <!-- main-panel-content rounded-window-bottom -->
        </div> <!-- panel -->
        <div panel-name="ignored-methods-Testing_Flipkart_App" class="panel">
          <div class="main-panel-header rounded-window-top">
            <span class="header-content">0 ignored methods</span>
          </div> <!-- main-panel-header rounded-window-top -->
          <div class="main-panel-content rounded-window-bottom">
          </div> <!-- main-panel-content rounded-window-bottom -->
        </div> <!-- panel -->
        <div panel-name="chronological-Testing_Flipkart_App" class="panel">
          <div class="main-panel-header rounded-window-top">
            <span class="header-content">Methods in chronological order</span>
          </div> <!-- main-panel-header rounded-window-top -->
          <div class="main-panel-content rounded-window-bottom">
            <div class="chronological-class">
              <div class="chronological-class-name">com.crm.qa.testcases.LoginPageTest</div> <!-- chronological-class-name -->
              <div class="configuration-method before">
                <span class="method-name">setUp</span>
                <span class="method-start">0 ms</span>
              </div> <!-- configuration-method before -->
              <div class="test-method">
                <span class="method-name">loginPageTitletest</span>
                <span class="method-start">4705 ms</span>
              </div> <!-- test-method -->
              <div class="configuration-method after">
                <span class="method-name">tearDown([TestResult name=loginPageTitletest status=SUCCESS method=LoginPageTest.loginPageTitletest()[pri:1, ...)</span>
                <span class="method-start">4751 ms</span>
              </div> <!-- configuration-method after -->
              <div class="configuration-method before">
                <span class="method-name">setUp</span>
                <span class="method-start">4977 ms</span>
              </div> <!-- configuration-method before -->
              <div class="test-method">
                <span class="method-name">flipkartLogo</span>
                <span class="method-start">9693 ms</span>
              </div> <!-- test-method -->
              <div class="configuration-method after">
                <span class="method-name">tearDown([TestResult name=flipkartLogo status=SUCCESS method=LoginPageTest.flipkartLogo()[pri:2, instance:com...)</span>
                <span class="method-start">9741 ms</span>
              </div> <!-- configuration-method after -->
              <div class="configuration-method before">
                <span class="method-name">setUp</span>
                <span class="method-start">9912 ms</span>
              </div> <!-- configuration-method before -->
              <div class="test-method">
                <span class="method-name">searchBoxTest</span>
                <span class="method-start">14422 ms</span>
              </div> <!-- test-method -->
              <div class="configuration-method after">
                <span class="method-name">tearDown([TestResult name=searchBoxTest status=SUCCESS method=LoginPageTest.searchBoxTest()[pri:3, instance:c...)</span>
                <span class="method-start">14465 ms</span>
              </div> <!-- configuration-method after -->
              <div class="configuration-method before">
                <span class="method-name">setUp</span>
                <span class="method-start">14659 ms</span>
              </div> <!-- configuration-method before -->
              <div class="test-method">
                <span class="method-name">userLoginTest</span>
                <span class="method-start">19334 ms</span>
              </div> <!-- test-method -->
              <div class="configuration-method after">
                <span class="method-name">tearDown([TestResult name=userLoginTest status=SUCCESS method=LoginPageTest.userLoginTest()[pri:4, instance:c...)</span>
                <span class="method-start">19561 ms</span>
              </div> <!-- configuration-method after -->
            </div> <!-- chronological-class -->
            <div class="chronological-class">
              <div class="chronological-class-name">com.crm.qa.testcases.MyAccountTest</div> <!-- chronological-class-name -->
              <div class="configuration-method before">
                <span class="method-name">setUp</span>
                <span class="method-start">19750 ms</span>
              </div> <!-- configuration-method before -->
              <div class="test-method">
                <img src="failed.png">
                </img>
                <span class="method-name">accountVisibilityTest</span>
                <span class="method-start">24516 ms</span>
              </div> <!-- test-method -->
              <div class="configuration-method after">
                <span class="method-name">tearDown([TestResult name=accountVisibilityTest status=FAILURE method=MyAccountTest.accountVisibilityTest()[p...)</span>
                <span class="method-start">26660 ms</span>
              </div> <!-- configuration-method after -->
              <div class="configuration-method before">
                <span class="method-name">setUp</span>
                <span class="method-start">27260 ms</span>
              </div> <!-- configuration-method before -->
              <div class="test-method">
                <span class="method-name">validateSearchProductTest</span>
                <span class="method-start">32046 ms</span>
              </div> <!-- test-method -->
              <div class="configuration-method after">
                <span class="method-name">tearDown([TestResult name=validateSearchProductTest status=SUCCESS method=MyAccountTest.validateSearchProduct...)</span>
                <span class="method-start">34190 ms</span>
              </div> <!-- configuration-method after -->
              <div class="configuration-method before">
                <span class="method-name">setUp</span>
                <span class="method-start">34376 ms</span>
              </div> <!-- configuration-method before -->
              <div class="test-method">
                <span class="method-name">verifySearchBoxTest</span>
                <span class="method-start">39305 ms</span>
              </div> <!-- test-method -->
              <div class="configuration-method after">
                <span class="method-name">tearDown([TestResult name=verifySearchBoxTest status=SUCCESS method=MyAccountTest.verifySearchBoxTest()[pri:0...)</span>
                <span class="method-start">39344 ms</span>
              </div> <!-- configuration-method after -->
          </div> <!-- main-panel-content rounded-window-bottom -->
        </div> <!-- panel -->
      </div> <!-- main-panel-root -->
    </div> <!-- wrapper -->
  </body>
<script type="text/javascript" src="testng-reports2.js"></script>
</html>
